Using pre-set license
Built from '2020.3/staging' branch; Version is '2020.3.25f1 (9b9180224418) revision 10195328'; Using compiler version '192528614'; Build Type 'Release'
OS: 'Windows 10  (10.0.19042) 64bit Enterprise' Language: 'en' Physical Memory: 16304 MB
BatchMode: 1, IsHumanControllingUs: 0, StartBugReporterOnCrash: 0, Is64bit: 1, IsPro: 0

COMMAND LINE ARGUMENTS:
C:\Program Files\Unity 2020.3.25f1\Editor\Unity.exe
-adb2
-batchMode
-noUpm
-name
AssetImportWorker0
-projectPath
C:/Users/NSP433.Student/Documents/GitHub/Diploma_PolishedBuilds
-logFile
Logs/AssetImportWorker0.log
-srvPort
64768
Successfully changed project path to: C:/Users/NSP433.Student/Documents/GitHub/Diploma_PolishedBuilds
C:/Users/NSP433.Student/Documents/GitHub/Diploma_PolishedBuilds
Using Asset Import Pipeline V2.
Refreshing native plugins compatible for Editor in 30.38 ms, found 2 plugins.
Preloading 0 native plugins for Editor in 0.00 ms.
Initialize engine version: 2020.3.25f1 (9b9180224418)
[Subsystems] Discovering subsystems at path C:/Program Files/Unity 2020.3.25f1/Editor/Data/Resources/UnitySubsystems
[Subsystems] Discovering subsystems at path C:/Users/NSP433.Student/Documents/GitHub/Diploma_PolishedBuilds/Assets
GfxDevice: creating device client; threaded=0
Direct3D:
    Version:  Direct3D 11.0 [level 11.0]
    Renderer: NVIDIA Quadro K2200  (ID=0x13ba)
    Vendor:   
    VRAM:     4035 MB
    Driver:   10.18.13.5362
Initialize mono
Mono path[0] = 'C:/Program Files/Unity 2020.3.25f1/Editor/Data/Managed'
Mono path[1] = 'C:/Program Files/Unity 2020.3.25f1/Editor/Data/MonoBleedingEdge/lib/mono/unityjit'
Mono config path = 'C:/Program Files/Unity 2020.3.25f1/Editor/Data/MonoBleedingEdge/etc'
Using monoOptions --debugger-agent=transport=dt_socket,embedding=1,server=y,suspend=n,address=127.0.0.1:56900
Begin MonoManager ReloadAssembly
Registering precompiled unity dll's ...
Register platform support module: C:/Program Files/Unity 2020.3.25f1/Editor/Data/PlaybackEngines/WindowsStandaloneSupport/UnityEditor.WindowsStandalone.Extensions.dll
Registered in 0.002271 seconds.
Native extension for WindowsStandalone target not found
Refreshing native plugins compatible for Editor in 36.11 ms, found 2 plugins.
Preloading 0 native plugins for Editor in 0.00 ms.
Mono: successfully reloaded assembly
- Completed reload, in  0.590 seconds
Domain Reload Profiling:
	ReloadAssembly (591ms)
		BeginReloadAssembly (55ms)
			ExecutionOrderSort (0ms)
			DisableScriptedObjects (0ms)
			BackupInstance (0ms)
			ReleaseScriptingObjects (0ms)
			CreateAndSetChildDomain (1ms)
		EndReloadAssembly (456ms)
			LoadAssemblies (53ms)
			RebuildTransferFunctionScriptingTraits (0ms)
			SetupTypeCache (162ms)
			ReleaseScriptCaches (0ms)
			RebuildScriptCaches (30ms)
			SetupLoadedEditorAssemblies (161ms)
				LogAssemblyErrors (0ms)
				InitializePlatformSupportModulesInManaged (5ms)
				SetLoadedEditorAssemblies (0ms)
				RefreshPlugins (36ms)
				BeforeProcessingInitializeOnLoad (8ms)
				ProcessInitializeOnLoadAttributes (82ms)
				ProcessInitializeOnLoadMethodAttributes (30ms)
				AfterProcessingInitializeOnLoad (0ms)
				EditorAssembliesLoaded (0ms)
			ExecutionOrderSort2 (0ms)
			AwakeInstancesAfterBackupRestoration (0ms)
Platform modules already initialized, skipping
Registering precompiled user dll's ...
Registered in 0.003375 seconds.
Begin MonoManager ReloadAssembly
Native extension for WindowsStandalone target not found
Refreshing native plugins compatible for Editor in 0.29 ms, found 2 plugins.
Preloading 0 native plugins for Editor in 0.00 ms.
Mono: successfully reloaded assembly
- Completed reload, in  1.246 seconds
Domain Reload Profiling:
	ReloadAssembly (1247ms)
		BeginReloadAssembly (140ms)
			ExecutionOrderSort (0ms)
			DisableScriptedObjects (5ms)
			BackupInstance (0ms)
			ReleaseScriptingObjects (0ms)
			CreateAndSetChildDomain (18ms)
		EndReloadAssembly (1041ms)
			LoadAssemblies (90ms)
			RebuildTransferFunctionScriptingTraits (0ms)
			SetupTypeCache (507ms)
			ReleaseScriptCaches (0ms)
			RebuildScriptCaches (39ms)
			SetupLoadedEditorAssemblies (306ms)
				LogAssemblyErrors (0ms)
				InitializePlatformSupportModulesInManaged (4ms)
				SetLoadedEditorAssemblies (0ms)
				RefreshPlugins (0ms)
				BeforeProcessingInitializeOnLoad (58ms)
				ProcessInitializeOnLoadAttributes (227ms)
				ProcessInitializeOnLoadMethodAttributes (11ms)
				AfterProcessingInitializeOnLoad (6ms)
				EditorAssembliesLoaded (0ms)
			ExecutionOrderSort2 (0ms)
			AwakeInstancesAfterBackupRestoration (8ms)
Platform modules already initialized, skipping
========================================================================
Worker process is ready to serve import requests
Launched and connected shader compiler UnityShaderCompiler.exe after 0.09 seconds
Refreshing native plugins compatible for Editor in 0.29 ms, found 2 plugins.
Preloading 0 native plugins for Editor in 0.00 ms.
Unloading 1513 Unused Serialized files (Serialized files now loaded: 0)
System memory in use before: 67.7 MB.
System memory in use after: 67.7 MB.

Unloading 16 unused Assets to reduce memory usage. Loaded Objects now: 1949.
Total: 2.437200 ms (FindLiveObjects: 0.132800 ms CreateObjectMapping: 0.046900 ms MarkObjects: 2.146000 ms  DeleteObjects: 0.110700 ms)

AssetImportParameters requested are different than current active one (requested -> active):
  custom:framework-win-MediaFoundation: 216162199b28c13a410421893ffa2e32 -> 
  custom:video-decoder-ogg-theora: a1e56fd34408186e4bbccfd4996cb3dc -> 
  custom:container-muxer-webm: aa71ff27fc2769a1b78a27578f13a17b -> 
  custom:container-demuxer-webm: 4f35f7cbe854078d1ac9338744f61a02 -> 
  custom:container-demuxer-ogg: 62fdf1f143b41e24485cea50d1cbac27 -> 
  custom:video-encoder-webm-vp8: eb34c28f22e8b96e1ab97ce403110664 -> 
  custom:video-decoder-webm-vp8: 9c59270c3fd7afecdb556c50c9e8de78 -> 
  custom:audio-decoder-ogg-vorbis: bf7c407c2cedff20999df2af8eb42d56 -> 
  custom:audio-encoder-webm-vorbis: bf7c407c2cedff20999df2af8eb42d56 -> 
========================================================================
Received Import Request.
  path: Assets/Crashteroids/Scenes
  artifactKey: Guid(7f75fd516be8c664e88da4c8ef3a127a) Importer(815301076,1909f56bfc062723c751e8b465ee728b)
Start importing Assets/Crashteroids/Scenes using Guid(7f75fd516be8c664e88da4c8ef3a127a) Importer(815301076,1909f56bfc062723c751e8b465ee728b)  -> (artifact id: '5aff7a6a7f5e6fb222edd6f31d4310b0') in 0.008658 seconds 
  Import took 0.010819 seconds .

========================================================================
Received Import Request.
  Time since last request: 0.000273 seconds.
  path: Assets/Crashteroids
  artifactKey: Guid(73c7bd3f850510a479a1882105a12d02) Importer(815301076,1909f56bfc062723c751e8b465ee728b)
Start importing Assets/Crashteroids using Guid(73c7bd3f850510a479a1882105a12d02) Importer(815301076,1909f56bfc062723c751e8b465ee728b)  -> (artifact id: 'd57d87d4c845fb57d8fcdc5b9784575e') in 0.008902 seconds 
  Import took 0.011570 seconds .

========================================================================
Received Import Request.
  Time since last request: 0.000242 seconds.
  path: Assets/Crashteroids/Scenes/SampleScene.unity
  artifactKey: Guid(9fc0d4010bbf28b4594072e72b8655ab) Importer(815301076,1909f56bfc062723c751e8b465ee728b)
Start importing Assets/Crashteroids/Scenes/SampleScene.unity using Guid(9fc0d4010bbf28b4594072e72b8655ab) Importer(815301076,1909f56bfc062723c751e8b465ee728b)  -> (artifact id: 'd100b272de25a6bf53b8dd755452fff8') in 0.019539 seconds 
  Import took 0.022432 seconds .

========================================================================
Received Import Request.
  Time since last request: 3.437082 seconds.
  path: Assets/Crashteroids/Models
  artifactKey: Guid(a08550e9ef527e44c9897ec87eba46c3) Importer(815301076,1909f56bfc062723c751e8b465ee728b)
Start importing Assets/Crashteroids/Models using Guid(a08550e9ef527e44c9897ec87eba46c3) Importer(815301076,1909f56bfc062723c751e8b465ee728b)  -> (artifact id: 'bdb39ab357f1f4bc4773fdee206d944e') in 0.008321 seconds 
  Import took 0.010674 seconds .

========================================================================
Received Import Request.
  Time since last request: 0.071827 seconds.
  path: Assets/Crashteroids/Models/Background.jpg
  artifactKey: Guid(d310eb31e9977c24b921b25642673db2) Importer(815301076,1909f56bfc062723c751e8b465ee728b)
Start importing Assets/Crashteroids/Models/Background.jpg using Guid(d310eb31e9977c24b921b25642673db2) Importer(815301076,1909f56bfc062723c751e8b465ee728b)  -> (artifact id: '643ffb3ec127fbde73b9504c0261ff31') in 0.238937 seconds 
  Import took 0.241365 seconds .

========================================================================
Received Import Request.
  Time since last request: 0.000226 seconds.
  path: Assets/Crashteroids/Models/Duck_GoldDuck_Normal.png
  artifactKey: Guid(481c03df146ba9e4dbbd3af849c6a71e) Importer(815301076,1909f56bfc062723c751e8b465ee728b)
Start importing Assets/Crashteroids/Models/Duck_GoldDuck_Normal.png using Guid(481c03df146ba9e4dbbd3af849c6a71e) Importer(815301076,1909f56bfc062723c751e8b465ee728b)  -> (artifact id: 'a729e63684925b91d7b25a61febd373f') in 0.032732 seconds 
  Import took 0.035154 seconds .

========================================================================
Received Import Request.
  Time since last request: 0.000242 seconds.
  path: Assets/Crashteroids/Models/PinkBG.png
  artifactKey: Guid(c9c0fc3f8f5dfc64298c81a4f447c340) Importer(815301076,1909f56bfc062723c751e8b465ee728b)
Start importing Assets/Crashteroids/Models/PinkBG.png using Guid(c9c0fc3f8f5dfc64298c81a4f447c340) Importer(815301076,1909f56bfc062723c751e8b465ee728b)  -> (artifact id: '4084140cb3381379d7cb074d13111a95') in 0.018936 seconds 
  Import took 0.021198 seconds .

========================================================================
Received Import Request.
  Time since last request: 0.000223 seconds.
  path: Assets/Crashteroids/Models/Duck_GoldDuck_MaskMap.png
  artifactKey: Guid(723174a995acef649ba5834ec19752eb) Importer(815301076,1909f56bfc062723c751e8b465ee728b)
Start importing Assets/Crashteroids/Models/Duck_GoldDuck_MaskMap.png using Guid(723174a995acef649ba5834ec19752eb) Importer(815301076,1909f56bfc062723c751e8b465ee728b)  -> (artifact id: '734c6dd0d64480c6a5536ae407af8c0c') in 0.021110 seconds 
  Import took 0.023345 seconds .

========================================================================
Received Import Request.
  Time since last request: 0.000272 seconds.
  path: Assets/Crashteroids/Models/Duck.fbx
  artifactKey: Guid(4b265e8a8bd6cb64fb462ec0acba0ce1) Importer(815301076,1909f56bfc062723c751e8b465ee728b)
Start importing Assets/Crashteroids/Models/Duck.fbx using Guid(4b265e8a8bd6cb64fb462ec0acba0ce1) Importer(815301076,1909f56bfc062723c751e8b465ee728b)  -> (artifact id: 'f724f283923076ec9b906bc434cfa2a7') in 0.570929 seconds 
  Import took 0.573398 seconds .

========================================================================
Received Import Request.
  Time since last request: 0.000338 seconds.
  path: Assets/Crashteroids/Models/GoldDuck.mat
  artifactKey: Guid(f2e0e73482048bf46aa3e54397ba5919) Importer(815301076,1909f56bfc062723c751e8b465ee728b)
Start importing Assets/Crashteroids/Models/GoldDuck.mat using Guid(f2e0e73482048bf46aa3e54397ba5919) Importer(815301076,1909f56bfc062723c751e8b465ee728b)  -> (artifact id: '572e0c1e2feea441757bcaa15d8fd5e1') in 0.050300 seconds 
  Import took 0.052659 seconds .

========================================================================
Received Import Request.
  Time since last request: 0.000242 seconds.
  path: Assets/Crashteroids/Models/Duck_GoldDuck_BaseMap.png
  artifactKey: Guid(e666012f22a3b484ba9f41feac81bfae) Importer(815301076,1909f56bfc062723c751e8b465ee728b)
Start importing Assets/Crashteroids/Models/Duck_GoldDuck_BaseMap.png using Guid(e666012f22a3b484ba9f41feac81bfae) Importer(815301076,1909f56bfc062723c751e8b465ee728b)  -> (artifact id: 'ceab921f9213c1fff2cc61bddeefef3e') in 0.019375 seconds 
  Import took 0.021721 seconds .

========================================================================
Received Import Request.
  Time since last request: 69.919382 seconds.
  path: Assets/Crashteroids/Resources
  artifactKey: Guid(7caf0a12f2977e44e98795485686bdad) Importer(815301076,1909f56bfc062723c751e8b465ee728b)
Start importing Assets/Crashteroids/Resources using Guid(7caf0a12f2977e44e98795485686bdad) Importer(815301076,1909f56bfc062723c751e8b465ee728b)  -> (artifact id: 'ae05183ea0c832605c7543d483d1abb3') in 0.008805 seconds 
  Import took 0.011363 seconds .

========================================================================
Received Import Request.
  Time since last request: 3.207252 seconds.
  path: Assets/Crashteroids/Scripts
  artifactKey: Guid(907d7da94ed74c04597ebfa10dfbba34) Importer(815301076,1909f56bfc062723c751e8b465ee728b)
Start importing Assets/Crashteroids/Scripts using Guid(907d7da94ed74c04597ebfa10dfbba34) Importer(815301076,1909f56bfc062723c751e8b465ee728b)  -> (artifact id: '03e157dd5f8baca06bb4c410d874cb36') in 0.009713 seconds 
  Import took 0.012133 seconds .

========================================================================
Received Import Request.
  Time since last request: 0.960862 seconds.
  path: Assets/Crashteroids/Scripts/Tests
  artifactKey: Guid(c1db59d3286fef040b78b1d1c9b4a2c7) Importer(815301076,1909f56bfc062723c751e8b465ee728b)
Start importing Assets/Crashteroids/Scripts/Tests using Guid(c1db59d3286fef040b78b1d1c9b4a2c7) Importer(815301076,1909f56bfc062723c751e8b465ee728b)  -> (artifact id: '2b3dc8087ebc2be947e2370b925f5728') in 0.007634 seconds 
  Import took 0.010042 seconds .

========================================================================
Received Import Request.
  Time since last request: 0.062129 seconds.
  path: Assets/Crashteroids/Scripts/Tests/Tests.asmdef
  artifactKey: Guid(27b0dcce8fe53fe49a39ea0eb080cebe) Importer(815301076,1909f56bfc062723c751e8b465ee728b)
Start importing Assets/Crashteroids/Scripts/Tests/Tests.asmdef using Guid(27b0dcce8fe53fe49a39ea0eb080cebe) Importer(815301076,1909f56bfc062723c751e8b465ee728b)  -> (artifact id: '8e70372fcb6b67d65fbed719376d96c4') in 0.006862 seconds 
  Import took 0.009230 seconds .

========================================================================
Received Import Request.
  Time since last request: 6.808795 seconds.
  path: Assets/Crashteroids/Scripts/Game
  artifactKey: Guid(5ba75a6dd5be2844db382f1d7cdc54be) Importer(815301076,1909f56bfc062723c751e8b465ee728b)
Start importing Assets/Crashteroids/Scripts/Game using Guid(5ba75a6dd5be2844db382f1d7cdc54be) Importer(815301076,1909f56bfc062723c751e8b465ee728b)  -> (artifact id: '29a912bf5b472d480f8e4ecb0dc62302') in 0.008429 seconds 
  Import took 0.010920 seconds .

========================================================================
Received Import Request.
  Time since last request: 0.066537 seconds.
  path: Assets/Crashteroids/Scripts/Game/GameAssembly.asmdef
  artifactKey: Guid(82e224e1c48fbf949bf8279333472896) Importer(815301076,1909f56bfc062723c751e8b465ee728b)
Start importing Assets/Crashteroids/Scripts/Game/GameAssembly.asmdef using Guid(82e224e1c48fbf949bf8279333472896) Importer(815301076,1909f56bfc062723c751e8b465ee728b)  -> (artifact id: 'eac60f293a8d07382d93de2aff991114') in 0.006206 seconds 
  Import took 0.008660 seconds .

========================================================================
Received Import Request.
  Time since last request: 22.069551 seconds.
  path: Assets/Crashteroids/Scripts/Tests/TestScript.cs
  artifactKey: Guid(296a527ea12882744900d250412fd810) Importer(815301076,1909f56bfc062723c751e8b465ee728b)
Start importing Assets/Crashteroids/Scripts/Tests/TestScript.cs using Guid(296a527ea12882744900d250412fd810) Importer(815301076,1909f56bfc062723c751e8b465ee728b)  -> (artifact id: 'c0307a9bb689452f6963de45e3cc0675') in 0.014531 seconds 
  Import took 0.017357 seconds .

========================================================================
Received Prepare
Registering precompiled user dll's ...
Registered in 0.002884 seconds.
Begin MonoManager ReloadAssembly
Native extension for WindowsStandalone target not found
Refreshing native plugins compatible for Editor in 0.31 ms, found 2 plugins.
Preloading 0 native plugins for Editor in 0.00 ms.
Mono: successfully reloaded assembly
- Completed reload, in  0.938 seconds
Domain Reload Profiling:
	ReloadAssembly (938ms)
		BeginReloadAssembly (122ms)
			ExecutionOrderSort (0ms)
			DisableScriptedObjects (4ms)
			BackupInstance (0ms)
			ReleaseScriptingObjects (0ms)
			CreateAndSetChildDomain (35ms)
		EndReloadAssembly (756ms)
			LoadAssemblies (86ms)
			RebuildTransferFunctionScriptingTraits (0ms)
			SetupTypeCache (285ms)
			ReleaseScriptCaches (1ms)
			RebuildScriptCaches (34ms)
			SetupLoadedEditorAssemblies (260ms)
				LogAssemblyErrors (0ms)
				InitializePlatformSupportModulesInManaged (4ms)
				SetLoadedEditorAssemblies (0ms)
				RefreshPlugins (0ms)
				BeforeProcessingInitializeOnLoad (47ms)
				ProcessInitializeOnLoadAttributes (193ms)
				ProcessInitializeOnLoadMethodAttributes (9ms)
				AfterProcessingInitializeOnLoad (5ms)
				EditorAssembliesLoaded (0ms)
			ExecutionOrderSort2 (0ms)
			AwakeInstancesAfterBackupRestoration (7ms)
Platform modules already initialized, skipping
Refreshing native plugins compatible for Editor in 0.35 ms, found 2 plugins.
Preloading 0 native plugins for Editor in 0.00 ms.
Unloading 1507 Unused Serialized files (Serialized files now loaded: 0)
System memory in use before: 71.1 MB.
System memory in use after: 71.2 MB.

Unloading 11 unused Assets to reduce memory usage. Loaded Objects now: 2000.
Total: 2.456300 ms (FindLiveObjects: 0.115400 ms CreateObjectMapping: 0.043000 ms MarkObjects: 2.271500 ms  DeleteObjects: 0.025600 ms)

AssetImportParameters requested are different than current active one (requested -> active):
  custom:framework-win-MediaFoundation: 216162199b28c13a410421893ffa2e32 -> 
  custom:video-decoder-ogg-theora: a1e56fd34408186e4bbccfd4996cb3dc -> 
  custom:container-muxer-webm: aa71ff27fc2769a1b78a27578f13a17b -> 
  custom:container-demuxer-webm: 4f35f7cbe854078d1ac9338744f61a02 -> 
  custom:container-demuxer-ogg: 62fdf1f143b41e24485cea50d1cbac27 -> 
  custom:video-encoder-webm-vp8: eb34c28f22e8b96e1ab97ce403110664 -> 
  custom:video-decoder-webm-vp8: 9c59270c3fd7afecdb556c50c9e8de78 -> 
  custom:audio-decoder-ogg-vorbis: bf7c407c2cedff20999df2af8eb42d56 -> 
  custom:audio-encoder-webm-vorbis: bf7c407c2cedff20999df2af8eb42d56 -> 
AssetImportWorkerClient::OnTransportError - code=2 error=End of file
